#################################################################################
aws iam get-role --role-name qbusiness-okta-oidc-secrets
#################################################################################
{
    "Role": {
        "Path": "/",
        "RoleName": "qbusiness-okta-oidc-secrets",
        "RoleId": "AROARRL5GDFUBR7ZGXQNM",
        "Arn": "arn:aws:iam::{{awsaccount}}:role/qbusiness-okta-oidc-secrets",
        "CreateDate": "2025-01-25T13:30:33+00:00",
        "AssumeRolePolicyDocument": {
            "Version": "2012-10-17",
            "Statement": [
                {
                    "Sid": "AllowsAmazonQToAssumeRoleForServicePrincipal",
                    "Effect": "Allow",
                    "Principal": {
                        "Service": "application.qbusiness.amazonaws.com"
                    },
                    "Action": "sts:AssumeRole",
                    "Condition": {
                        "StringEquals": {
                            "aws:SourceAccount": "{{replace_with_awsaccount}}"
                        },
                        "ArnLike": {
                            "aws:SourceArn": "arn:aws:qbusiness:us-east-1:{{replace_with_awsaccount}}:application/*"
                        }
                    }
                }
            ]
        },
        "Description": "allows Amazon Q Business web experience to use Okta Client Secrets stored in secretes manager",
        "MaxSessionDuration": 3600,
        "RoleLastUsed": {}
    }
}
#################################################################################
aws iam list-attached-role-policies --role-name qbusiness-okta-oidc-secrets
#################################################################################

{
    "AttachedPolicies": [
        {
            "PolicyName": "qbusiness-okta-oidc-get-secrets",
            "PolicyArn": "arn:aws:iam::{{awsaccount}}:policy/qbusiness-okta-oidc-get-secrets"
        }
    ]
}